0 info it worked if it ends with ok
1 verbose cli [ '/usr/local/bin/node', '/usr/local/bin/npm', 'publish', './' ]
2 info using npm@2.14.12
3 info using node@v4.2.6
4 verbose publish [ './' ]
5 silly cache add args [ './', null ]
6 verbose cache add spec ./
7 silly cache add parsed spec Result {
7 silly cache add   raw: './',
7 silly cache add   scope: null,
7 silly cache add   name: null,
7 silly cache add   rawSpec: './',
7 silly cache add   spec: '/Users/thex/Dropbox/projects/pimatic/pimatic-beta/node_modules/pimatic-tplink-smartplug',
7 silly cache add   type: 'directory' }
8 verbose addLocalDirectory /Users/thex/.npm/pimatic-tplink-smartplug/0.0.1/package.tgz not in flight; packing
9 verbose tar pack [ '/Users/thex/.npm/pimatic-tplink-smartplug/0.0.1/package.tgz',
9 verbose tar pack   '/Users/thex/Dropbox/projects/pimatic/pimatic-beta/node_modules/pimatic-tplink-smartplug' ]
10 verbose tarball /Users/thex/.npm/pimatic-tplink-smartplug/0.0.1/package.tgz
11 verbose folder /Users/thex/Dropbox/projects/pimatic/pimatic-beta/node_modules/pimatic-tplink-smartplug
12 info prepublish pimatic-tplink-smartplug@0.0.1
13 verbose addLocalTarball adding from inside cache /Users/thex/.npm/pimatic-tplink-smartplug/0.0.1/package.tgz
14 silly cache afterAdd pimatic-tplink-smartplug@0.0.1
15 verbose afterAdd /Users/thex/.npm/pimatic-tplink-smartplug/0.0.1/package/package.json not in flight; writing
16 verbose afterAdd /Users/thex/.npm/pimatic-tplink-smartplug/0.0.1/package/package.json written
17 silly publish { name: 'pimatic-tplink-smartplug',
17 silly publish   description: 'This plugin adds the functionality to control TP Link Smartplug HS100 and HS110 via pimatic',
17 silly publish   author:
17 silly publish    { name: 'Lukas Reinhart',
17 silly publish      email: 'reinhart.lukas+npm@gmail.com' },
17 silly publish   main: 'tplink-smartplug',
17 silly publish   license: 'GPL-2.0',
17 silly publish   files:
17 silly publish    [ 'tplink-smartplug.coffee',
17 silly publish      'README.md',
17 silly publish      'tplink-smartplug-config-schema.coffee',
17 silly publish      'device-config-schema.coffee' ],
17 silly publish   version: '0.0.1',
17 silly publish   homepage: 'https://github.com/thexperiments/pimatic-tplink-smartplug',
17 silly publish   private: false,
17 silly publish   repository:
17 silly publish    { type: 'git',
17 silly publish      url: 'git://github.com/thexperiments/pimatic-tplink-smartplug.git' },
17 silly publish   configSchema: 'tplink-smartplug-config-schema.coffee',
17 silly publish   dependencies: { 'hs100-api': 'git://github.com/thexperiments/hs100-api.git' },
17 silly publish   peerDependencies: { pimatic: '>=0.8.0 <1.0.0' },
17 silly publish   engines: { node: '>0.8.x', npm: '>1.1.x' },
17 silly publish   readme: 'Pimatic TP Link Smartplug Plugin\n=======================\n\nThis plugin adds the functionality to control TP Link Smartplug HS100 and HS110 via pimatic\n\nExample config.json entries:\n```json\n  "plugins": [\n    {\n      "plugin": "tplink-smartplug"\n    }\n  ],\n\n"devices": [\n  {\n    "id": "tplink-plug-test",\n    "name": "My Smartplug",\n    "class": "TPlinkHS100",\n    "ip": "192.168.XXX.XXX"\n  },\n  {\n    "id": "tplink-plug-test2",\n    "name": "My Smartplug with measurement",\n    "class": "TPlinkHS110",\n    "ip": "192.168.XXX.XXX"\n  }\n]\n```',
17 silly publish   readmeFilename: 'README.md',
17 silly publish   gitHead: '9fb9303dfd326b03f083b7c816a90c9d446a63a2',
17 silly publish   bugs: { url: 'https://github.com/thexperiments/pimatic-tplink-smartplug/issues' },
17 silly publish   _id: 'pimatic-tplink-smartplug@0.0.1',
17 silly publish   scripts: {},
17 silly publish   _shasum: 'f76ec35b814a168404ccffd45cb20a887428069f',
17 silly publish   _from: '.' }
18 verbose getPublishConfig undefined
19 silly mapToRegistry name pimatic-tplink-smartplug
20 silly mapToRegistry using default registry
21 silly mapToRegistry registry https://registry.npmjs.org/
22 silly mapToRegistry uri https://registry.npmjs.org/pimatic-tplink-smartplug
23 verbose publish registryBase https://registry.npmjs.org/
24 silly publish uploading /Users/thex/.npm/pimatic-tplink-smartplug/0.0.1/package.tgz
25 verbose request uri https://registry.npmjs.org/pimatic-tplink-smartplug
26 verbose request sending authorization for write operation
27 info attempt registry request try #1 at 1:56:29 AM
28 verbose request id cae04e57832817d5
29 http request PUT https://registry.npmjs.org/pimatic-tplink-smartplug
30 http 403 https://registry.npmjs.org/pimatic-tplink-smartplug
31 verbose headers { 'content-type': 'application/json',
31 verbose headers   'cache-control': 'max-age=300',
31 verbose headers   'content-length': '95',
31 verbose headers   'accept-ranges': 'bytes',
31 verbose headers   date: 'Sat, 10 Sep 2016 23:56:30 GMT',
31 verbose headers   via: '1.1 varnish',
31 verbose headers   connection: 'keep-alive',
31 verbose headers   'x-served-by': 'cache-ams4425-AMS',
31 verbose headers   'x-cache': 'MISS',
31 verbose headers   'x-cache-hits': '0',
31 verbose headers   'x-timer': 'S1473551789.532717,VS0,VE1168',
31 verbose headers   vary: 'Accept-Encoding' }
32 verbose request invalidating /Users/thex/.npm/registry.npmjs.org/pimatic-tplink-smartplug on PUT
33 error publish Failed PUT 403
34 verbose stack Error: "You cannot publish over the previously published version 0.0.1." : pimatic-tplink-smartplug
34 verbose stack     at makeError (/usr/local/lib/node_modules/npm/node_modules/npm-registry-client/lib/request.js:264:12)
34 verbose stack     at CachingRegistryClient.<anonymous> (/usr/local/lib/node_modules/npm/node_modules/npm-registry-client/lib/request.js:252:14)
34 verbose stack     at Request._callback (/usr/local/lib/node_modules/npm/node_modules/npm-registry-client/lib/request.js:172:14)
34 verbose stack     at Request.self.callback (/usr/local/lib/node_modules/npm/node_modules/request/request.js:198:22)
34 verbose stack     at emitTwo (events.js:87:13)
34 verbose stack     at Request.emit (events.js:172:7)
34 verbose stack     at Request.<anonymous> (/usr/local/lib/node_modules/npm/node_modules/request/request.js:1082:10)
34 verbose stack     at emitOne (events.js:82:20)
34 verbose stack     at Request.emit (events.js:169:7)
34 verbose stack     at IncomingMessage.<anonymous> (/usr/local/lib/node_modules/npm/node_modules/request/request.js:1009:12)
35 verbose statusCode 403
36 verbose pkgid pimatic-tplink-smartplug
37 verbose cwd /Users/thex/Dropbox/projects/pimatic/pimatic-beta/node_modules/pimatic-tplink-smartplug
38 error Darwin 15.5.0
39 error argv "/usr/local/bin/node" "/usr/local/bin/npm" "publish" "./"
40 error node v4.2.6
41 error npm  v2.14.12
42 error code E403
43 error "You cannot publish over the previously published version 0.0.1." : pimatic-tplink-smartplug
44 error If you need help, you may report this error at:
44 error     <https://github.com/npm/npm/issues>
45 verbose exit [ 1, true ]
